<?xml version="1.0" encoding="UTF-8"?>
<!-- Generated by org.testng.reporters.JUnitXMLReporter -->
<testsuite ignored="2" hostname="LAPTOP-90N2ID6M" failures="0" tests="0" time="0.037" errors="0" timestamp="2022-11-30T08:50:19 IST">
  <testcase classname="how_to_access_prop_dataprov_excel_xml.implementation_of_pf_dp_excel_xml" name="lead_data_dataprovider" time="0.0">
    <ignored/>
  </testcase> <!-- lead_data_dataprovider -->
  <testcase classname="how_to_access_prop_dataprov_excel_xml.implementation_of_pf_dp_excel_xml" name="property_file" time="0.0">
    <ignored/>
  </testcase> <!-- property_file -->
</testsuite>
