<?xml version="1.0" encoding="UTF-8"?>
<testng-results ignored="0" total="3" passed="2" failed="1" skipped="0">
  <reporter-output>
  </reporter-output>
  <suite started-at="2022-11-30T08:51:42 IST" name="Default suite" finished-at="2022-11-30T08:52:02 IST" duration-ms="20024">
    <groups>
    </groups>
    <test started-at="2022-11-30T08:51:42 IST" name="Default test" finished-at="2022-11-30T08:52:02 IST" duration-ms="20024">
      <class name="how_to_access_prop_dataprov_excel_xml.implementation_of_pf_dp_excel_xml">
        <test-method is-config="true" signature="launchbrowser()[pri:0, instance:how_to_access_prop_dataprov_excel_xml.implementation_of_pf_dp_excel_xml@45099dd3]" started-at="2022-11-30T08:51:33 IST" name="launchbrowser" finished-at="2022-11-30T08:51:42 IST" duration-ms="9465" status="PASS">
          <reporter-output>
          </reporter-output>
        </test-method> <!-- launchbrowser -->
        <test-method is-config="true" signature="launchurl()[pri:0, instance:how_to_access_prop_dataprov_excel_xml.implementation_of_pf_dp_excel_xml@45099dd3]" started-at="2022-11-30T08:51:42 IST" name="launchurl" finished-at="2022-11-30T08:51:44 IST" duration-ms="1957" status="PASS">
          <reporter-output>
          </reporter-output>
        </test-method> <!-- launchurl -->
        <test-method is-config="true" signature="maxmized()[pri:0, instance:how_to_access_prop_dataprov_excel_xml.implementation_of_pf_dp_excel_xml@45099dd3]" started-at="2022-11-30T08:51:44 IST" name="maxmized" finished-at="2022-11-30T08:51:45 IST" duration-ms="207" status="PASS">
          <reporter-output>
          </reporter-output>
        </test-method> <!-- maxmized -->
        <test-method is-config="true" signature="getcookies()[pri:0, instance:how_to_access_prop_dataprov_excel_xml.implementation_of_pf_dp_excel_xml@45099dd3]" started-at="2022-11-30T08:51:45 IST" name="getcookies" finished-at="2022-11-30T08:51:45 IST" duration-ms="32" status="PASS">
          <reporter-output>
          </reporter-output>
        </test-method> <!-- getcookies -->
        <test-method signature="property_file()[pri:1, instance:how_to_access_prop_dataprov_excel_xml.implementation_of_pf_dp_excel_xml@45099dd3]" started-at="2022-11-30T08:51:45 IST" name="property_file" finished-at="2022-11-30T08:51:50 IST" duration-ms="5840" status="FAIL">
          <exception class="org.openqa.selenium.TimeoutException">
            <message>
              <![CDATA[timeout: Timed out receiving message from renderer: 5.000
  (Session info: chrome=107.0.5304.121)
Build info: version: '3.141.59', revision: 'e82be7d358', time: '2018-11-14T08:17:03'
System info: host: 'LAPTOP-90N2ID6M', ip: '192.168.0.106', os.name: 'Windows 10', os.arch: 'amd64', os.version: '10.0', java.version: '16.0.2'
Driver info: org.openqa.selenium.chrome.ChromeDriver
Capabilities {acceptInsecureCerts: false, browserName: chrome, browserVersion: 107.0.5304.121, chrome: {chromedriverVersion: 107.0.5304.62 (1eec40d3a576..., userDataDir: C:\Users\HP\AppData\Local\T...}, goog:chromeOptions: {debuggerAddress: localhost:55733}, javascriptEnabled: true, networkConnectionEnabled: false, pageLoadStrategy: normal, platform: WINDOWS, platformName: WINDOWS, proxy: Proxy(), setWindowRect: true, strictFileInteractability: false, timeouts: {implicit: 0, pageLoad: 300000, script: 30000}, unhandledPromptBehavior: dismiss and notify, webauthn:extension:credBlob: true, webauthn:extension:largeBlob: true, webauthn:virtualAuthenticators: true}
Session ID: c2b1738a9d3bb5e951c6dfd6ed0426bd]]>
            </message>
            <full-stacktrace>
              <![CDATA[org.openqa.selenium.TimeoutException: timeout: Timed out receiving message from renderer: 5.000
  (Session info: chrome=107.0.5304.121)
Build info: version: '3.141.59', revision: 'e82be7d358', time: '2018-11-14T08:17:03'
System info: host: 'LAPTOP-90N2ID6M', ip: '192.168.0.106', os.name: 'Windows 10', os.arch: 'amd64', os.version: '10.0', java.version: '16.0.2'
Driver info: org.openqa.selenium.chrome.ChromeDriver
Capabilities {acceptInsecureCerts: false, browserName: chrome, browserVersion: 107.0.5304.121, chrome: {chromedriverVersion: 107.0.5304.62 (1eec40d3a576..., userDataDir: C:\Users\HP\AppData\Local\T...}, goog:chromeOptions: {debuggerAddress: localhost:55733}, javascriptEnabled: true, networkConnectionEnabled: false, pageLoadStrategy: normal, platform: WINDOWS, platformName: WINDOWS, proxy: Proxy(), setWindowRect: true, strictFileInteractability: false, timeouts: {implicit: 0, pageLoad: 300000, script: 30000}, unhandledPromptBehavior: dismiss and notify, webauthn:extension:credBlob: true, webauthn:extension:largeBlob: true, webauthn:virtualAuthenticators: true}
Session ID: c2b1738a9d3bb5e951c6dfd6ed0426bd
at java.base/jdk.internal.reflect.NativeConstructorAccessorImpl.newInstance0(Native Method)
at java.base/jdk.internal.reflect.NativeConstructorAccessorImpl.newInstance(NativeConstructorAccessorImpl.java:78)
at java.base/jdk.internal.reflect.DelegatingConstructorAccessorImpl.newInstance(DelegatingConstructorAccessorImpl.java:45)
at java.base/java.lang.reflect.Constructor.newInstanceWithCaller(Constructor.java:499)
at java.base/java.lang.reflect.Constructor.newInstance(Constructor.java:480)
at org.openqa.selenium.remote.codec.w3c.W3CHttpResponseCodec.createException(W3CHttpResponseCodec.java:190)
at org.openqa.selenium.remote.codec.w3c.W3CHttpResponseCodec.decode(W3CHttpResponseCodec.java:124)
at org.openqa.selenium.remote.codec.w3c.W3CHttpResponseCodec.decode(W3CHttpResponseCodec.java:51)
at org.openqa.selenium.remote.HttpCommandExecutor.execute(HttpCommandExecutor.java:161)
at org.openqa.selenium.remote.service.DriverCommandExecutor.execute(DriverCommandExecutor.java:83)
at org.openqa.selenium.remote.RemoteWebDriver.execute(RemoteWebDriver.java:577)
at org.openqa.selenium.remote.RemoteWebElement.execute(RemoteWebElement.java:308)
at org.openqa.selenium.remote.RemoteWebElement.click(RemoteWebElement.java:83)
at how_to_access_prop_dataprov_excel_xml.implementation_of_pf_dp_excel_xml.property_file(implementation_of_pf_dp_excel_xml.java:83)
at java.base/jdk.internal.reflect.NativeMethodAccessorImpl.invoke0(Native Method)
at java.base/jdk.internal.reflect.NativeMethodAccessorImpl.invoke(NativeMethodAccessorImpl.java:78)
at java.base/jdk.internal.reflect.DelegatingMethodAccessorImpl.invoke(DelegatingMethodAccessorImpl.java:43)
at java.base/java.lang.reflect.Method.invoke(Method.java:567)
at org.testng.internal.MethodInvocationHelper.invokeMethod(MethodInvocationHelper.java:133)
at org.testng.internal.TestInvoker.invokeMethod(TestInvoker.java:598)
at org.testng.internal.TestInvoker.invokeTestMethod(TestInvoker.java:173)
at org.testng.internal.MethodRunner.runInSequence(MethodRunner.java:46)
at org.testng.internal.TestInvoker$MethodInvocationAgent.invoke(TestInvoker.java:824)
at org.testng.internal.TestInvoker.invokeTestMethods(TestInvoker.java:146)
at org.testng.internal.TestMethodWorker.invokeTestMethods(TestMethodWorker.java:146)
at org.testng.internal.TestMethodWorker.run(TestMethodWorker.java:128)
at java.base/java.util.ArrayList.forEach(ArrayList.java:1511)
at org.testng.TestRunner.privateRun(TestRunner.java:794)
at org.testng.TestRunner.run(TestRunner.java:596)
at org.testng.SuiteRunner.runTest(SuiteRunner.java:377)
at org.testng.SuiteRunner.runSequentially(SuiteRunner.java:371)
at org.testng.SuiteRunner.privateRun(SuiteRunner.java:332)
at org.testng.SuiteRunner.run(SuiteRunner.java:276)
at org.testng.SuiteRunnerWorker.runSuite(SuiteRunnerWorker.java:53)
at org.testng.SuiteRunnerWorker.run(SuiteRunnerWorker.java:96)
at org.testng.TestNG.runSuitesSequentially(TestNG.java:1212)
at org.testng.TestNG.runSuitesLocally(TestNG.java:1134)
at org.testng.TestNG.runSuites(TestNG.java:1063)
at org.testng.TestNG.run(TestNG.java:1031)
at org.testng.remote.AbstractRemoteTestNG.run(AbstractRemoteTestNG.java:115)
at org.testng.remote.RemoteTestNG.initAndRun(RemoteTestNG.java:251)
at org.testng.remote.RemoteTestNG.main(RemoteTestNG.java:77)
]]>
            </full-stacktrace>
          </exception> <!-- org.openqa.selenium.TimeoutException -->
          <reporter-output>
          </reporter-output>
        </test-method> <!-- property_file -->
        <test-method is-config="true" signature="get_screenshot(org.testng.ITestResult)[pri:0, instance:how_to_access_prop_dataprov_excel_xml.implementation_of_pf_dp_excel_xml@45099dd3]" started-at="2022-11-30T08:51:50 IST" name="get_screenshot" finished-at="2022-11-30T08:51:51 IST" duration-ms="590" status="PASS">
          <params>
            <param index="0">
              <value>
                <![CDATA[[TestResult name=property_file status=FAILURE method=implementation_of_pf_dp_excel_xml.property_file()[pri:1, instance:how_to_access_prop_dataprov_excel_xml.implementation_of_pf_dp_excel_xml@45099dd3] output={null}]]]>
              </value>
            </param>
          </params>
          <reporter-output>
          </reporter-output>
        </test-method> <!-- get_screenshot -->
        <test-method is-config="true" signature="getcookies()[pri:0, instance:how_to_access_prop_dataprov_excel_xml.implementation_of_pf_dp_excel_xml@45099dd3]" started-at="2022-11-30T08:51:51 IST" name="getcookies" finished-at="2022-11-30T08:51:51 IST" duration-ms="155" status="PASS">
          <reporter-output>
          </reporter-output>
        </test-method> <!-- getcookies -->
        <test-method signature="lead_data_dataprovider(java.lang.String,java.lang.String,java.lang.String,java.lang.String)[pri:2, instance:how_to_access_prop_dataprov_excel_xml.implementation_of_pf_dp_excel_xml@45099dd3]" started-at="2022-11-30T08:51:51 IST" name="lead_data_dataprovider" data-provider="lead_data" finished-at="2022-11-30T08:51:57 IST" duration-ms="5757" status="PASS">
          <params>
            <param index="0">
              <value>
                <![CDATA[subodh]]>
              </value>
            </param>
            <param index="1">
              <value>
                <![CDATA[criotosoft]]>
              </value>
            </param>
            <param index="2">
              <value>
                <![CDATA[automation enginer]]>
              </value>
            </param>
            <param index="3">
              <value>
                <![CDATA[Employee]]>
              </value>
            </param>
          </params>
          <reporter-output>
          </reporter-output>
        </test-method> <!-- lead_data_dataprovider -->
        <test-method is-config="true" signature="get_screenshot(org.testng.ITestResult)[pri:0, instance:how_to_access_prop_dataprov_excel_xml.implementation_of_pf_dp_excel_xml@45099dd3]" started-at="2022-11-30T08:51:57 IST" name="get_screenshot" finished-at="2022-11-30T08:51:57 IST" duration-ms="0" status="PASS">
          <params>
            <param index="0">
              <value>
                <![CDATA[[TestResult name=lead_data_dataprovider status=SUCCESS method=implementation_of_pf_dp_excel_xml.lead_data_dataprovider(java.lang.String,java.lang.String,java.lang.String,java.lang.String)[pri:2, instance:how_to_access_prop_dataprov_excel_xml.implementation_of_pf_dp_excel_xml@45099dd3] output={null}]]]>
              </value>
            </param>
          </params>
          <reporter-output>
          </reporter-output>
        </test-method> <!-- get_screenshot -->
        <test-method is-config="true" signature="getcookies()[pri:0, instance:how_to_access_prop_dataprov_excel_xml.implementation_of_pf_dp_excel_xml@45099dd3]" started-at="2022-11-30T08:51:57 IST" name="getcookies" finished-at="2022-11-30T08:51:57 IST" duration-ms="16" status="PASS">
          <reporter-output>
          </reporter-output>
        </test-method> <!-- getcookies -->
        <test-method signature="lead_data_dataprovider(java.lang.String,java.lang.String,java.lang.String,java.lang.String)[pri:2, instance:how_to_access_prop_dataprov_excel_xml.implementation_of_pf_dp_excel_xml@45099dd3]" started-at="2022-11-30T08:51:57 IST" name="lead_data_dataprovider" data-provider="lead_data" finished-at="2022-11-30T08:52:02 IST" duration-ms="5273" status="PASS">
          <params>
            <param index="0">
              <value>
                <![CDATA[Rahul]]>
              </value>
            </param>
            <param index="1">
              <value>
                <![CDATA[criotosoft]]>
              </value>
            </param>
            <param index="2">
              <value>
                <![CDATA[automation engineer]]>
              </value>
            </param>
            <param index="3">
              <value>
                <![CDATA[Employee]]>
              </value>
            </param>
          </params>
          <reporter-output>
          </reporter-output>
        </test-method> <!-- lead_data_dataprovider -->
        <test-method is-config="true" signature="get_screenshot(org.testng.ITestResult)[pri:0, instance:how_to_access_prop_dataprov_excel_xml.implementation_of_pf_dp_excel_xml@45099dd3]" started-at="2022-11-30T08:52:02 IST" name="get_screenshot" finished-at="2022-11-30T08:52:02 IST" duration-ms="0" status="PASS">
          <params>
            <param index="0">
              <value>
                <![CDATA[[TestResult name=lead_data_dataprovider status=SUCCESS method=implementation_of_pf_dp_excel_xml.lead_data_dataprovider(java.lang.String,java.lang.String,java.lang.String,java.lang.String)[pri:2, instance:how_to_access_prop_dataprov_excel_xml.implementation_of_pf_dp_excel_xml@45099dd3] output={null}]]]>
              </value>
            </param>
          </params>
          <reporter-output>
          </reporter-output>
        </test-method> <!-- get_screenshot -->
        <test-method is-config="true" signature="db_closed()[pri:0, instance:how_to_access_prop_dataprov_excel_xml.implementation_of_pf_dp_excel_xml@45099dd3]" started-at="2022-11-30T08:52:02 IST" name="db_closed" finished-at="2022-11-30T08:52:02 IST" duration-ms="0" status="PASS">
          <reporter-output>
          </reporter-output>
        </test-method> <!-- db_closed -->
        <test-method is-config="true" signature="closed_browser()[pri:0, instance:how_to_access_prop_dataprov_excel_xml.implementation_of_pf_dp_excel_xml@45099dd3]" started-at="2022-11-30T08:52:02 IST" name="closed_browser" finished-at="2022-11-30T08:52:02 IST" duration-ms="0" status="PASS">
          <reporter-output>
          </reporter-output>
        </test-method> <!-- closed_browser -->
      </class> <!-- how_to_access_prop_dataprov_excel_xml.implementation_of_pf_dp_excel_xml -->
    </test> <!-- Default test -->
  </suite> <!-- Default suite -->
</testng-results>
